
Thu 14 Mar 2024 08:46:56 PM UTC: 
 exercises.c | 18 ++++++++++++++++--
 1 file changed, 16 insertions(+), 2 deletions(-)
In file included from test.c:1:
exercises.c: In function ‘findMax’:
exercises.c:14:3: error: ‘max’ undeclared (first use in this function); did you mean ‘fmax’?
   14 |   max = arr[0];
      |   ^~~
      |   fmax
exercises.c:14:3: note: each undeclared identifier is reported only once for each function it appears in
exercises.c:27:1: error: control reaches end of non-void function [-Werror=return-type]
   27 | }
      | ^
cc1: all warnings being treated as errors
Compilation failed
7097c98
